0 info it worked if it ends with ok
1 verbose cli [ 'node', '/usr/local/bin/npm', 'start' ]
2 info using npm@1.4.23
3 info using node@v0.10.31
4 verbose run-script [ 'prestart', 'start', 'poststart' ]
5 info prestart tourzy@0.0.0
6 info start tourzy@0.0.0
7 verbose unsafe-perm in lifecycle true
8 info tourzy@0.0.0 Failed to exec start script
9 error tourzy@0.0.0 start: `STORMPATH_API_KEY_ID=1STOOMF3D125CHL4PIC3C4O3A STORMPATH_API_KEY_SECRET=iG3Q0RW1BnAfbRGFkwMgx02rFynYNASgQmOomNBz7q8 STORMPATH_APP_HREF=https://api.stormpath.com/v1/applications/1RYSDGTUtvXTTkQQCvxhTX node ./bin/www.js`
9 error Exit status 8
10 error Failed at the tourzy@0.0.0 start script.
10 error This is most likely a problem with the tourzy package,
10 error not with npm itself.
10 error Tell the author that this fails on your system:
10 error     STORMPATH_API_KEY_ID=1STOOMF3D125CHL4PIC3C4O3A STORMPATH_API_KEY_SECRET=iG3Q0RW1BnAfbRGFkwMgx02rFynYNASgQmOomNBz7q8 STORMPATH_APP_HREF=https://api.stormpath.com/v1/applications/1RYSDGTUtvXTTkQQCvxhTX node ./bin/www.js
10 error You can get their info via:
10 error     npm owner ls tourzy
10 error There is likely additional logging output above.
11 error System Darwin 13.4.0
12 error command "node" "/usr/local/bin/npm" "start"
13 error cwd /Users/wangkexue/code/appid7cif6x1l85
14 error node -v v0.10.31
15 error npm -v 1.4.23
16 error code ELIFECYCLE
17 verbose exit [ 1, true ]
